<?xml version="1.0" encoding="utf-8" standalone="no"?>
<!--This file represents the results of running a test suite-->
<test-results name="D:\Dev\NUnit\nunit-2.5\work\build\net\2.0\release\NUnitTests.nunit" total="3001" errors="0" failures="0" not-run="2" inconclusive="13" ignored="0" skipped="2" invalid="0" date="2011-04-02" time="20:08:59">
  <environment nunit-version="2.5.10.11092" clr-version="2.0.50727.4952" os-version="Microsoft Windows NT 6.1.7600.0" platform="Win32NT" cwd="D:\Dev\NUnit\nunit-2.5\work\build\net\2.0\release" machine-name="CHARLIE-LAPTOP" user="charlie" user-domain="charlie-laptop" />
  <culture-info current-culture="en-US" current-uiculture="en-US" />
  <test-suite type="Project" name="D:\Dev\NUnit\nunit-2.5\work\build\net\2.0\release\NUnitTests.nunit" executed="True" result="Success" success="True" time="88.847" asserts="0">
    <results>
      <test-suite type="Assembly" name="D:\Dev\NUnit\nunit-2.5\work\build\net\2.0\release\tests/nunit.framework.tests.dll" executed="True" result="Success" success="True" time="17.475" asserts="0">
        <results>
          <test-suite type="Namespace" name="NUnit" executed="True" result="Success" success="True" time="17.474" asserts="0">
            <results>
              <test-suite type="Namespace" name="Framework" executed="True" result="Success" success="True" time="17.474" asserts="0">
                <results>
                  <test-suite type="Namespace" name="Constraints" executed="True" result="Success" success="True" time="10.349" asserts="0">
                    <results>
                      <test-suite type="TestFixture" name="AfterConstraintTest" executed="True" result="Success" success="True" time="6.316" asserts="0">
                        <results>
                          <test-case name="NUnit.Framework.Constraints.AfterConstraintTest.ConstraintTestBaseNoData.ProvidesProperDescription" executed="True" result="Success" success="True" time="0.018" asserts="1" />
                          <test-case name="NUnit.Framework.Constraints.AfterConstraintTest.ConstraintTestBaseNoData.ProvidesProperStringRepresentation" executed="True" result="Success" success="True" time="0.000" asserts="1" />
                          <test-suite type="ParameterizedTest" name="FailsWithBadDelegates" executed="True" result="Success" success="True" time="1.006" asserts="0">
                            <results>
                              <test-case name="NUnit.Framework.Constraints.AfterConstraintTest.FailsWithBadDelegates(NUnit.Framework.Constraints.ActualValueDelegate)" executed="True" result="Success" success="True" time="0.502" asserts="1" />
                              <test-case name="NUnit.Framework.Constraints.AfterConstraintTest.FailsWithBadDelegates(NUnit.Framework.Constraints.ActualValueDelegate)" executed="True" result="Success" success="True" time="0.500" asserts="1" />
                            </results>
                          </test-suite>
                          <test-suite type="ParameterizedTest" name="FailsWithBadValues" executed="True" result="Success" success="True" time="1.507" asserts="0">
                            <results>
                              <test-case name="NUnit.Framework.Constraints.AfterConstraintTest.FailsWithBadValues(False)" executed="True" result="Success" success="True" time="0.500" asserts="1" />
                              <test-case name="NUnit.Framework.Constraints.AfterConstraintTest.FailsWithBadValues(0)" executed="True" result="Success" success="True" time="0.500" asserts="1" />
                              <test-case name="NUnit.Framework.Constraints.AfterConstraintTest.FailsWithBadValues(null)" executed="True" result="Success" success="True" time="0.500" asserts="1" />
                            </results>
                          </test-suite>
                          <test-suite type="ParameterizedTest" name="ProvidesProperFailureMessage" executed="True" result="Success" success="True" time="1.509" asserts="0">
                            <results>
                              <test-case name="NUnit.Framework.Constraints.AfterConstraintTest.ProvidesProperFailureMessage(False,&quot;False&quot;)" executed="True" result="Success" success="True" time="0.501" asserts="1" />
                              <test-case name="NUnit.Framework.Constraints.AfterConstraintTest.ProvidesProperFailureMessage(0,&quot;0&quot;)" executed="True" result="Success" success="True" time="0.500" asserts="1" />
                              <test-case name="NUnit.Framework.Constraints.AfterConstraintTest.ProvidesProperFailureMessage(null,&quot;null&quot;)" executed="True" result="Success" success="True" time="0.500" asserts="1" />
                            </results>
                          </test-suite>
                          <test-case name="NUnit.Framework.Constraints.AfterConstraintTest.SimpleTest" executed="True" result="Success" success="True" time="0.602" asserts="1" />
                          <test-case name="NUnit.Framework.Constraints.AfterConstraintTest.SimpleTestUsingReference" executed="True" result="Success" success="True" time="0.603" asserts="1" />
                          <test-suite type="ParameterizedTest" name="SucceedsWithGoodDelegates" executed="True" result="Success" success="True" time="0.502" asserts="0">
                            <results>
                              <test-case name="NUnit.Framework.Constraints.AfterConstraintTest.SucceedsWithGoodDelegates(NUnit.Framework.Constraints.ActualValueDelegate)" executed="True" result="Success" success="True" time="0.501" asserts="1" />
                            </results>
                          </test-suite>
                          <test-suite type="ParameterizedTest" name="SucceedsWithGoodValues" executed="True" result="Success" success="True" time="0.502" asserts="0">
                            <results>
                              <test-case name="NUnit.Framework.Constraints.AfterConstraintTest.SucceedsWithGoodValues(True)" executed="True" result="Success" success="True" time="0.500" asserts="1" />
                            </results>
                          </test-suite>
                          <test-case name="NUnit.Framework.Constraints.AfterConstraintTest.ThatOverload_DoesNotAcceptNegativeDelayValues" executed="True" result="Success" success="True" time="0.003" asserts="0" />
                          <test-case name="NUnit.Framework.Constraints.AfterConstraintTest.ThatOverload_ZeroDelayIsAllowed" executed="True" result="Success" success="True" time="0.003" asserts="1" />
                        </results>
                      </test-suite>
                      <test-suite type="TestFixture" name="AllItemsTests" executed="True" result="Success" success="True" time="0.039" asserts="0">
                        <results>
                          <test-case name="NUnit.Framework.Constraints.AllItemsTests.AllItemsAreInRange" executed="True" result="Success" success="True" time="0.004" asserts="1" />
                          <test-case name="NUnit.Framework.Constraints.AllItemsTests.AllItemsAreInRange_UsingComparisonOfT" executed="True" result="Success" success="True" time="0.000" asserts="1" />
                          <test-case name="NUnit.Framework.Constraints.AllItemsTests.AllItemsAreInRange_UsingIComparer" executed="True" result="Success" success="True" time="0.001" asserts="1" />
                          <test-case name="NUnit.Framework.Constraints.AllItemsTests.AllItemsAreInRange_UsingIComparerOfT" executed="True" result="Success" success="True" time="0.000" asserts="1" />
                          <test-case name="NUnit.Framework.Constraints.AllItemsTests.AllItemsAreInRangeFailureMessage" executed="True" result="Success" success="True" time="0.003" asserts="2" />
                          <test-case name="NUnit.Framework.Constraints.AllItemsTests.AllItemsAreInstancesOfType" executed="True" result="Success" success="True" time="0.001" asserts="1" />
                          <test-case name="NUnit.Framework.Constraints.AllItemsTests.AllItemsAreInstancesOfTypeFailureMessage" executed="True" result="Success" success="True" time="0.002" asserts="2" />
                          <test-case name="NUnit.Framework.Constraints.AllItemsTests.AllItemsAreNotNull" executed="True" result="Success" success="True" time="0.001" asserts="1" />
                          <test-case name="NUnit.Framework.Constraints.AllItemsTests.AllItemsAreNotNullFails" executed="True" result="Success" success="True" time="0.001" asserts="2" />
                        </results>
                      </test-suite>
                      <test-suite type="TestFixture" name="AndTest" executed="True" result="Success" success="True" time="0.035" asserts="0">
                        <results>
                          <test-case name="NUnit.Framework.Constraints.AndTest.CanCombineTestsWithAndOperator" executed="True" result="Success" success="True" time="0.002" asserts="1" />
                          <test-case name="NUnit.Framework.Constraints.AndTest.ConstraintTestBaseNoData.ProvidesProperDescription" executed="True" result="Success" success="True" time="0.000" asserts="1" />
                          <test-case name="NUnit.Framework.Constraints.AndTest.ConstraintTestBaseNoData.ProvidesProperStringRepresentation" executed="True" result="Success" success="True" time="0.001" asserts="1" />
                          <test-suite type="ParameterizedTest" name="FailsWithBadValues" executed="True" result="Success" success="True" time="0.004" asserts="0">
                            <results>
                              <test-case name="NUnit.Framework.Constraints.AndTest.FailsWithBadValues(37)" executed="True" result="Success" success="True" time="0.000" asserts="1" />
                              <test-case name="NUnit.Framework.Constraints.AndTest.FailsWithBadValues(53)" executed="True" result="Success" success="True" time="0.000" asserts="1" />
                            </results>
                          </test-suite>
                          <test-suite type="ParameterizedTest" name="ProvidesProperFailureMessage" executed="True" result="Success" success="True" time="0.004" asserts="0">
                            <results>
                              <test-case name="NUnit.Framework.Constraints.AndTest.ProvidesProperFailureMessage(37,&quot;37&quot;)" executed="True" result="Success" success="True" time="0.000" asserts="1" />
                              <test-case name="NUnit.Framework.Constraints.AndTest.ProvidesProperFailureMessage(53,&quot;53&quot;)" executed="True" result="Success" success="True" time="0.000" asserts="1" />
                            </results>
                          </test-suite>
                          <test-suite type="ParameterizedTest" name="SucceedsWithGoodValues" executed="True" result="Success" success="True" time="0.001" asserts="0">
                            <results>
                              <test-case name="NUnit.Framework.Constraints.AndTest.SucceedsWithGoodValues(42)" executed="True" result="Success" success="True" time="0.000" asserts="1" />
                            </results>
                          </test-suite>
                        </results>
                      </test-suite>
                      <test-suite type="TestFixture" name="AssignableFromTest" executed="True" result="Success" success="True" time="0.018" asserts="0">
                        <results>
                          <test-case name="NUnit.Framework.Constraints.AssignableFromTest.ConstraintTestBaseNoData.ProvidesProperDescription" executed="True" result="Success" success="True" time="0.001" asserts="1" />
                          <test-case name="NUnit.Framework.Constraints.AssignableFromTest.ConstraintTestBaseNoData.ProvidesProperStringRepresentation" executed="True" result="Success" success="True" time="0.000" asserts="1" />
                          <test-suite type="ParameterizedTest" name="FailsWithBadValues" executed="True" result="Success" success="True" time="0.002" asserts="0">
                            <results>
                              <test-case name="NUnit.Framework.Constraints.AssignableFromTest.FailsWithBadValues(NUnit.Framework.Constraints.D2)" executed="True" result="Success" success="True" time="0.001" asserts="1" />
                            </results>
                          </test-suite>
                          <test-suite type="ParameterizedTest" name="ProvidesProperFailureMessage" executed="True" result="Success" success="True" time="0.001" asserts="0">
                            <results>
                              <test-case name="NUnit.Framework.Constraints.AssignableFromTest.ProvidesProperFailureMessage(NUnit.Framework.Constraints.D2,&quot;&lt;NUnit.Framework.Constraints.D2&gt;&quot;)" executed="True" result="Success" success="True" time="0.000" asserts="1" />
                            </results>
                          </test-suite>
                          <test-suite type="ParameterizedTest" name="SucceedsWithGoodValues" executed="True" result="Success" success="True" time="0.003" asserts="0">
                            <results>
                              <test-case name="NUnit.Framework.Constraints.AssignableFromTest.SucceedsWithGoodValues(NUnit.Framework.Constraints.D1)" executed="True" result="Success" success="True" time="0.000" asserts="1" />
                              <test-case name="NUnit.Framework.Constraints.AssignableFromTest.SucceedsWithGoodValues(NUnit.Framework.Constraints.B)" executed="True" result="Success" success="True" time="0.000" asserts="1" />
                            </results>
                          </test-suite>
                        </results>
                      </test-suite>
                      <test-suite type="TestFixture" name="AssignableToTest" executed="True" result="Success" success="True" time="0.018" asserts="0">
                        <results>
                          <test-case name="NUnit.Framework.Constraints.AssignableToTest.ConstraintTestBaseNoData.ProvidesProperDescription" executed="True" result="Success" success="True" time="0.000" asserts="1" />
                          <test-case name="NUnit.Framework.Constraints.AssignableToTest.ConstraintTestBaseNoData.ProvidesProperStringRepresentation" executed="True" result="Success" success="True" time="0.000" asserts="1" />
                          <test-suite type="ParameterizedTest" name="FailsWithBadValues" executed="True" result="Success" success="True" time="0.001" asserts="0">
                            <results>
                              <test-case name="NUnit.Framework.Constraints.AssignableToTest.FailsWithBadValues(NUnit.Framework.Constraints.B)" executed="True" result="Success" success="True" time="0.001" asserts="1" />
                            </results>
                          </test-suite>
                          <test-suite type="ParameterizedTest" name="ProvidesProperFailureMessage" executed="True" result="Success" success="True" time="0.001" asserts="0">
                            <results>
                              <test-case name="NUnit.Framework.Constraints.AssignableToTest.ProvidesProperFailureMessage(NUnit.Framework.Constraints.B,&quot;&lt;NUnit.Framework.Constraints.B&gt;&quot;)" executed="True" result="Success" success="True" time="0.000" asserts="1" />
                            </results>
                          </test-suite>
                          <test-suite type="ParameterizedTest" name="SucceedsWithGoodValues" executed="True" result="Success" success="True" time="0.003" asserts="0">
                            <results>
                              <test-case name="NUnit.Framework.Constraints.AssignableToTest.SucceedsWithGoodValues(NUnit.Framework.Constraints.D1)" executed="True" result="Success" success="True" time="0.000" asserts="1" />
                              <test-case name="NUnit.Framework.Constraints.AssignableToTest.SucceedsWithGoodValues(NUnit.Framework.Constraints.D2)" executed="True" result="Success" success="True" time="0.000" asserts="1" />
                            </results>
                          </test-suite>
                        </results>
                      </test-suite>
                      <test-suite type="TestFixture" name="AttributeExistsConstraintTest" executed="True" result="Success" success="True" time="0.034" asserts="0">
                        <results>
                          <test-case name="NUnit.Framework.Constraints.AttributeExistsConstraintTest.AttributeExistsOnMethodInfo" executed="True" result="Success" success="True" time="0.001" asserts="1" />
                          <test-case name="NUnit.Framework.Constraints.AttributeExistsConstraintTest.AttributeTestPropertyValueOnMethodInfo" description="my description" executed="True" result="Success" success="True" time="0.003" asserts="1" />
                          <test-case name="NUnit.Framework.Constraints.AttributeExistsConstraintTest.ConstraintTestBaseNoData.ProvidesProperDescription" executed="True" result="Success" success="True" time="0.000" asserts="1" />
                          <test-case name="NUnit.Framework.Constraints.AttributeExistsConstraintTest.ConstraintTestBaseNoData.ProvidesProperStringRepresentation" executed="True" result="Success" success="True" time="0.000" asserts="1" />
                          <test-suite type="ParameterizedTest" name="FailsWithBadValues" executed="True" result="Success" success="True" time="0.002" asserts="0">
                            <results>
                              <test-case name="NUnit.Framework.Constraints.AttributeExistsConstraintTest.FailsWithBadValues(NUnit.Framework.Constraints.D2)" executed="True" result="Success" success="True" time="0.000" asserts="1" />
                            </results>
                          </test-suite>
                          <test-case name="NUnit.Framework.Constraints.AttributeExistsConstraintTest.NonAttributeThrowsException" executed="True" result="Success" success="True" time="0.001" asserts="0" />
                          <test-suite type="ParameterizedTest" name="ProvidesProperFailureMessage" executed="True" result="Success" success="True" time="0.001" asserts="0">
                            <results>
                              <test-case name="NUnit.Framework.Constraints.AttributeExistsConstraintTest.ProvidesProperFailureMessage(NUnit.Framework.Constraints.D2,&quot;&lt;NUnit.Framework.Constraints.D2&gt;&quot;)" executed="True" result="Success" success="True" time="0.000" asserts="1" />
                            </results>
                          </test-suite>
                          <test-suite type="ParameterizedTest" name="SucceedsWithGoodValues" executed="True" result="Success" success="True" time="0.002" asserts="0">
                            <results>
                              <test-case name="NUnit.Framework.Constraints.AttributeExistsConstraintTest.SucceedsWithGoodValues(NUnit.Framework.Constraints.AttributeExistsConstraintTest)" executed="True" result="Success" success="True" time="0.000" asserts="1" />
                            </results>
                          </test-suite>
                        </results>
                      </test-suite>
                      <test-suite type="TestFixture" name="BinarySerializableTest" executed="True" result="Success" success="True" time="0.029" asserts="0">
                        <results>
                          <test-case name="NUnit.Framework.Constraints.BinarySerializableTest.ConstraintTestBaseNoData.ProvidesProperDescription" executed="True" result="Success" success="True" time="0.000" asserts="1" />
                          <test-case name="NUnit.Framework.Constraints.BinarySerializableTest.ConstraintTestBaseNoData.ProvidesProperStringRepresentation" executed="True" result="Success" success="True" time="0.000" asserts="1" />
                          <test-suite type="ParameterizedTest" name="FailsWithBadValues" executed="True" result="Success" success="True" time="0.002" asserts="0">
                            <results>
                              <test-case name="NUnit.Framework.Constraints.BinarySerializableTest.FailsWithBadValues(NUnit.Framework.Constraints.InternalClass)" executed="True" result="Success" success="True" time="0.001" asserts="1" />
                            </results>
                          </test-suite>
                          <test-suite type="ParameterizedTest" name="InvalidDataThrowsArgumentException" executed="True" result="Success" success="True" time="0.002" asserts="0">
                            <results>
                              <test-case name="NUnit.Framework.Constraints.BinarySerializableTest.InvalidDataThrowsArgumentException(null)" executed="True" result="Success" success="True" time="0.001" asserts="0" />
                            </results>
                          </test-suite>
                          <test-suite type="ParameterizedTest" name="ProvidesProperFailureMessage" executed="True" result="Success" success="True" time="0.002" asserts="0">
                            <results>
                              <test-case name="NUnit.Framework.Constraints.BinarySerializableTest.ProvidesProperFailureMessage(NUnit.Framework.Constraints.InternalClass,&quot;&lt;InternalClass&gt;&quot;)" executed="True" result="Success" success="True" time="0.001" asserts="1" />
                            </results>
                          </test-suite>
                          <test-suite type="ParameterizedTest" name="SucceedsWithGoodValues" executed="True" result="Success" success="True" time="0.008" asserts="0">
                            <results>
                              <test-case name="NUnit.Framework.Constraints.BinarySerializableTest.SucceedsWithGoodValues(1)" executed="True" result="Success" success="True" time="0.000" asserts="1" />
                              <test-case name="NUnit.Framework.Constraints.BinarySerializableTest.SucceedsWithGoodValues(&quot;a&quot;)" executed="True" result="Success" success="True" time="0.000" asserts="1" />
                              <test-case name="NUnit.Framework.Constraints.BinarySerializableTest.SucceedsWithGoodValues(System.Collections.ArrayList)" executed="True" result="Success" success="True" time="0.000" asserts="1" />
                              <test-case name="NUnit.Framework.Constraints.BinarySerializableTest.SucceedsWithGoodValues(NUnit.Framework.Constraints.InternalWithSerializableAttributeClass)" executed="True" result="Success" success="True" time="0.001" asserts="1" />
                            </results>
                          </test-suite>
                        </results>
                      </test-suite>
                      <test-suite type="TestFixture" name="CollectionContainsTests" executed="True" result="Success" success="True" time="0.041" asserts="0">
                        <results>
                          <test-case name="NUnit.Framework.Constraints.CollectionContainsTests.CanTestContentsOfArray" executed="True" result="Success" success="True" time="0.001" asserts="1" />
                          <test-case name="NUnit.Framework.Constraints.CollectionContainsTests.CanTestContentsOfArrayList" executed="True" result="Success" success="True" time="0.001" asserts="1" />
                          <test-case name="NUnit.Framework.Constraints.CollectionContainsTests.CanTestContentsOfCollectionNotImplementingIList" executed="True" result="Success" success="True" time="0.001" asserts="1" />
                          <test-case name="NUnit.Framework.Constraints.CollectionContainsTests.CanTestContentsOfSortedList" executed="True" result="Success" success="True" time="0.000" asserts="2" />
                          <test-case name="NUnit.Framework.Constraints.CollectionContainsTests.IgnoreCaseIsHonored" executed="True" result="Success" success="True" time="0.001" asserts="1" />
                          <test-case name="NUnit.Framework.Constraints.CollectionContainsTests.UsesProvidedComparerOfT" executed="True" result="Success" success="True" time="0.005" asserts="2" />
                          <test-case name="NUnit.Framework.Constraints.CollectionContainsTests.UsesProvidedComparisonOfT" executed="True" result="Success" success="True" time="0.006" asserts="2" />
                          <test-case name="NUnit.Framework.Constraints.CollectionContainsTests.UsesProvidedEqualityComparer" executed="True" result="Success" success="True" time="0.001" asserts="2" />
                          <test-case name="NUnit.Framework.Constraints.CollectionContainsTests.UsesProvidedEqualityComparerOfT" executed="True" result="Success" success="True" time="0.004" asserts="2" />
                          <test-case name="NUnit.Framework.Constraints.CollectionContainsTests.UsesProvidedIComparer" executed="True" result="Success" success="True" time="0.001" asserts="2" />
                        </results>
                      </test-suite>
                      <test-suite type="TestFixture" name="CollectionEquivalentTests" executed="True" result="Success" success="True" time="0.022" asserts="0">
                        <results>
                          <test-case name="NUnit.Framework.Constraints.CollectionEquivalentTests.EqualCollectionsAreEquivalent" executed="True" result="Success" success="True" time="0.002" asserts="1" />
                          <test-case name="NUnit.Framework.Constraints.CollectionEquivalentTests.EquivalentFailsWithDuplicateElementInActual" executed="True" result="Success" success="True" time="0.001" asserts="1" />
                          <test-case name="NUnit.Framework.Constraints.CollectionEquivalentTests.EquivalentFailsWithDuplicateElementInExpected" executed="True" result="Success" success="True" time="0.000" asserts="1" />
                          <test-case name="NUnit.Framework.Constraints.CollectionEquivalentTests.EquivalentHandlesNull" executed="True" result="Success" success="True" time="0.001" asserts="1" />
                          <test-case name="NUnit.Framework.Constraints.CollectionEquivalentTests.EquivalentHonorsIgnoreCase" executed="True" result="Success" success="True" time="0.000" asserts="1" />
                          <test-case name="NUnit.Framework.Constraints.CollectionEquivalentTests.EquivalentIgnoresOrder" executed="True" result="Success" success="True" time="0.000" asserts="1" />
                          <test-case name="NUnit.Framework.Constraints.CollectionEquivalentTests.WorksWithCollectionsOfArrays" executed="True" result="Success" success="True" time="0.002" asserts="2" />
                        </results>
                      </test-suite>
                      <test-suite type="TestFixture" name="CollectionOrderedTests" executed="True" result="Success" success="True" time="0.049" asserts="0">
                        <results>
                          <test-case name="NUnit.Framework.Constraints.CollectionOrderedTests.IsOrdered" executed="True" result="Success" success="True" time="0.002" asserts="1" />
                          <test-case name="NUnit.Framework.Constraints.CollectionOrderedTests.IsOrdered_2" executed="True" result="Success" success="True" time="0.000" asserts="1" />
                          <test-case name="NUnit.Framework.Constraints.CollectionOrderedTests.IsOrdered_Allows_adjacent_equal_values" executed="True" result="Success" success="True" time="0.001" asserts="1" />
                          <test-case name="NUnit.Framework.Constraints.CollectionOrderedTests.IsOrdered_AtLeastOneArgMustImplementIComparable" executed="True" result="Success" success="True" time="0.000" asserts="1" />
                          <test-case name="NUnit.Framework.Constraints.CollectionOrderedTests.IsOrdered_Fails" executed="True" result="Success" success="True" time="0.002" asserts="2" />
                          <test-case name="NUnit.Framework.Constraints.CollectionOrderedTests.IsOrdered_Handles_custom_comparison" executed="True" result="Success" success="True" time="0.001" asserts="2" />
                          <test-case name="NUnit.Framework.Constraints.CollectionOrderedTests.IsOrdered_Handles_custom_comparison2" executed="True" result="Success" success="True" time="0.000" asserts="2" />
                          <test-case name="NUnit.Framework.Constraints.CollectionOrderedTests.IsOrdered_Handles_null" executed="True" result="Success" success="True" time="0.000" asserts="1" />
                          <test-case name="NUnit.Framework.Constraints.CollectionOrderedTests.IsOrdered_TypesMustBeComparable" executed="True" result="Success" success="True" time="0.000" asserts="1" />
                          <test-case name="NUnit.Framework.Constraints.CollectionOrderedTests.IsOrderedBy" executed="True" result="Success" success="True" time="0.001" asserts="1" />
                          <test-case name="NUnit.Framework.Constraints.CollectionOrderedTests.IsOrderedBy_Comparer" executed="True" result="Success" success="True" time="0.000" asserts="1" />
                          <test-case name="NUnit.Framework.Constraints.CollectionOrderedTests.IsOrderedBy_Handles_heterogeneous_classes_as_long_as_the_property_is_of_same_type" executed="True" result="Success" success="True" time="0.001" asserts="1" />
                          <test-case name="NUnit.Framework.Constraints.CollectionOrderedTests.IsOrderedDescending" executed="True" result="Success" success="True" time="0.000" asserts="1" />
                          <test-case name="NUnit.Framework.Constraints.CollectionOrderedTests.IsOrderedDescending_2" executed="True" result="Success" success="True" time="0.000" asserts="1" />
                          <test-case name="NUnit.Framework.Constraints.CollectionOrderedTests.UsesProvidedComparerOfT" executed="True" result="Success" success="True" time="0.003" asserts="2" />
                          <test-case name="NUnit.Framework.Constraints.CollectionOrderedTests.UsesProvidedComparisonOfT" executed="True" result="Success" success="True" time="0.004" asserts="2" />
                        </results>
                      </test-suite>
                      <test-suite type="TestFixture" name="ComparerTests" executed="True" result="Success" success="True" time="0.071" asserts="0">
                        <results>
                          <test-suite type="ParameterizedTest" name="EqualItems" executed="True" result="Success" success="True" time="0.030" asserts="0">
                            <results>
                              <test-case name="NUnit.Framework.Constraints.ComparerTests.EqualItems(4.0d,4)" executed="True" result="Success" success="True" time="0.004" asserts="3" />
                              <test-case name="NUnit.Framework.Constraints.ComparerTests.EqualItems(4.0d,4.0f)" executed="True" result="Success" success="True" time="0.000" asserts="3" />
                              <test-case name="NUnit.Framework.Constraints.ComparerTests.EqualItems(null,null)" executed="True" result="Success" success="True" time="0.000" asserts="3" />
                              <test-case name="NUnit.Framework.Constraints.ComparerTests.EqualItems(4,4)" executed="True" result="Success" success="True" time="0.000" asserts="3" />
                              <test-case name="NUnit.Framework.Constraints.ComparerTests.EqualItems(4.0d,4.0d)" executed="True" result="Success" success="True" time="0.000" asserts="3" />
                              <test-case name="NUnit.Framework.Constraints.ComparerTests.EqualItems(4.0f,4.0f)" executed="True" result="Success" success="True" time="0.003" asserts="3" />
                              <test-case name="NUnit.Framework.Constraints.ComparerTests.EqualItems(4,4.0d)" executed="True" result="Success" success="True" time="0.002" asserts="3" />
                              <test-case name="NUnit.Framework.Constraints.ComparerTests.EqualItems(4,4.0f)" executed="True" result="Success" success="True" time="0.000" asserts="3" />
                              <test-case name="NUnit.Framework.Constraints.ComparerTests.EqualItems(4.0f,4)" executed="True" result="Success" success="True" time="0.000" asserts="3" />
                              <test-case name="NUnit.Framework.Constraints.ComparerTests.EqualItems(4.0f,4.0d)" executed="True" result="Success" success="True" time="0.000" asserts="3" />
                              <test-case name="NUnit.Framework.Constraints.ComparerTests.EqualItems(null,null)" executed="True" result="Success" success="True" time="0.000" asserts="3" />
                            </results>
                          </test-suite>
                          <test-suite type="ParameterizedTest" name="SpecialFloatingPointValues" executed="True" result="Success" success="True" time="0.011" asserts="0">
                            <results>
                              <test-case name="NUnit.Framework.Constraints.ComparerTests.SpecialFloatingPointValues(double.NaN)" executed="True" result="Success" success="True" time="0.001" asserts="2" />
                              <test-case name="NUnit.Framework.Constraints.ComparerTests.SpecialFloatingPointValues(float.NegativeInfinity)" executed="True" result="Success" success="True" time="0.000" asserts="2" />
                              <test-case name="NUnit.Framework.Constraints.ComparerTests.SpecialFloatingPointValues(float.NaN)" executed="True" result="Success" success="True" time="0.000" asserts="2" />
                              <test-case name="NUnit.Framework.Constraints.ComparerTests.SpecialFloatingPointValues(double.PositiveInfinity)" executed="True" result="Success" success="True" time="0.000" asserts="2" />
                              <test-case name="NUnit.Framework.Constraints.ComparerTests.SpecialFloatingPointValues(double.NegativeInfinity)" executed="True" result="Success" success="True" time="0.000" asserts="2" />
                              <test-case name="NUnit.Framework.Constraints.ComparerTests.SpecialFloatingPointValues(float.PositiveInfinity)" executed="True" result="Success" success="True" time="0.000" asserts="2" />
                            </results>
                          </test-suite>
                          <test-suite type="ParameterizedTest" name="UnequalItems" executed="True" result="Success" success="True" time="0.022" asserts="0">
                            <results>
                              <test-case name="NUnit.Framework.Constraints.ComparerTests.UnequalItems(4,null)" executed="True" result="Success" success="True" time="0.000" asserts="5" />
                              <test-case name="NUnit.Framework.Constraints.ComparerTests.UnequalItems(4,2)" executed="True" result="Success" success="True" time="0.000" asserts="5" />
                              <test-case name="NUnit.Framework.Constraints.ComparerTests.UnequalItems(4,null)" executed="True" result="Success" success="True" time="0.000" asserts="5" />
                              <test-case name="NUnit.Framework.Constraints.ComparerTests.UnequalItems(4.0d,2.0d)" executed="True" result="Success" success="True" time="0.000" asserts="5" />
                              <test-case name="NUnit.Framework.Constraints.ComparerTests.UnequalItems(4.0f,2.0f)" executed="True" result="Success" success="True" time="0.000" asserts="5" />
                              <test-case name="NUnit.Framework.Constraints.ComparerTests.UnequalItems(4.0f,2.0d)" executed="True" result="Success" success="True" time="0.000" asserts="5" />
                              <test-case name="NUnit.Framework.Constraints.ComparerTests.UnequalItems(4,2.0d)" executed="True" result="Success" success="True" time="0.000" asserts="5" />
                              <test-case name="NUnit.Framework.Constraints.ComparerTests.UnequalItems(4,2.0f)" executed="True" result="Success" success="True" time="0.000" asserts="5" />
                              <test-case name="NUnit.Framework.Constraints.ComparerTests.UnequalItems(4.0d,2)" executed="True" result="Success" success="True" time="0.000" asserts="5" />
                              <test-case name="NUnit.Framework.Constraints.ComparerTests.UnequalItems(4.0d,2.0f)" executed="True" result="Success" success="True" time="0.000" asserts="5" />
                              <test-case name="NUnit.Framework.Constraints.ComparerTests.UnequalItems(4.0f,2)" executed="True" result="Success" success="True" time="0.000" asserts="5" />
                            </results>
                          </test-suite>
                        </results>
                      </test-suite>
                      <test-suite type="TestFixture" name="EmptyConstraintTest" executed="True" result="Success" success="True" time="0.031" asserts="0">
                        <results>
                          <test-case name="NUnit.Framework.Constraints.EmptyConstraintTest.ConstraintTestBaseNoData.ProvidesProperDescription" executed="True" result="Success" success="True" time="0.001" asserts="1" />
                          <test-case name="NUnit.Framework.Constraints.EmptyConstraintTest.ConstraintTestBaseNoData.ProvidesProperStringRepresentation" executed="True" result="Success" success="True" time="0.000" asserts="1" />
                          <test-suite type="ParameterizedTest" name="FailsWithBadValues" executed="True" result="Success" success="True" time="0.004" asserts="0">
                            <results>
                              <test-case name="NUnit.Framework.Constraints.EmptyConstraintTest.FailsWithBadValues(&quot;Hello&quot;)" executed="True" result="Success" success="True" time="0.000" asserts="1" />
                              <test-case name="NUnit.Framework.Constraints.EmptyConstraintTest.FailsWithBadValues(System.Object[])" executed="True" result="Success" success="True" time="0.001" asserts="1" />
                            </results>
                          </test-suite>
                          <test-suite type="ParameterizedTest" name="InvalidDataThrowsArgumentException" executed="True" result="Success" success="True" time="0.004" asserts="0">
                            <results>
                              <test-case name="NUnit.Framework.Constraints.EmptyConstraintTest.InvalidDataThrowsArgumentException(null)" executed="True" result="Success" success="True" time="0.000" asserts="0" />
                              <test-case name="NUnit.Framework.Constraints.EmptyConstraintTest.InvalidDataThrowsArgumentException(5)" executed="True" result="Success" success="True" time="0.001" asserts="0" />
                            </results>
                          </test-suite>
                          <test-suite type="ParameterizedTest" name="ProvidesProperFailureMessage" executed="True" result="Success" success="True" time="0.004" asserts="0">
                            <results>
                              <test-case name="NUnit.Framework.Constraints.EmptyConstraintTest.ProvidesProperFailureMessage(&quot;Hello&quot;,&quot;\&quot;Hello\&quot;&quot;)" executed="True" result="Success" success="True" time="0.000" asserts="1" />
                              <test-case name="NUnit.Framework.Constraints.EmptyConstraintTest.ProvidesProperFailureMessage(System.Object[],&quot;&lt; 1, 2, 3 &gt;&quot;)" executed="True" result="Success" success="True" time="0.001" asserts="1" />
                            </results>
                          </test-suite>
                          <test-suite type="ParameterizedTest" name="SucceedsWithGoodValues" executed="True" result="Success" success="True" time="0.007" asserts="0">
                            <results>
                              <test-case name="NUnit.Framework.Constraints.EmptyConstraintTest.SucceedsWithGoodValues(&quot;&quot;)" executed="True" result="Success" success="True" time="0.000" asserts="1" />
                              <test-case name="NUnit.Framework.Constraints.EmptyConstraintTest.SucceedsWithGoodValues(System.Object[])" executed="True" result="Success" success="True" time="0.000" asserts="1" />
                              <test-case name="NUnit.Framework.Constraints.EmptyConstraintTest.SucceedsWithGoodValues(System.Collections.ArrayList)" executed="True" result="Success" success="True" time="0.000" asserts="1" />
                              <test-case name="NUnit.Framework.Constraints.EmptyConstraintTest.SucceedsWithGoodValues(System.Collections.Generic.List`1[System.Int32])" executed="True" result="Success" success="True" time="0.000" asserts="1" />
                            </results>
                          </test-suite>
                        </results>
                      </test-suite>
                      <test-suite type="TestFixture" name="EndsWithTest" executed="True" result="Success" success="True" time="0.039" asserts="0">
                        <results>
                          <test-case name="NUnit.Framework.Constraints.EndsWithTest.ConstraintTestBaseNoData.ProvidesProperDescription" executed="True" result="Success" success="True" time="0.001" asserts="1" />
                          <test-case name="NUnit.Framework.Constraints.EndsWithTest.ConstraintTestBaseNoData.ProvidesProperStringRepresentation" executed="True" result="Success" success="True" time="0.000" asserts="1" />
                          <test-suite type="ParameterizedTest" name="FailsWithBadValues" executed="True" result="Success" success="True" time="0.014" asserts="0">
                            <results>
                              <test-case name="NUnit.Framework.Constraints.EndsWithTest.FailsWithBadValues(&quot;goodbye&quot;)" executed="True" result="Success" success="True" time="0.001" asserts="1" />
                              <test-case name="NUnit.Framework.Constraints.EndsWithTest.FailsWithBadValues(&quot;What the hell?&quot;)" executed="True" result="Success" success="True" time="0.000" asserts="1" />
                              <test-case name="NUnit.Framework.Constraints.EndsWithTest.FailsWithBadValues(&quot;hello there&quot;)" executed="True" result="Success" success="True" time="0.000" asserts="1" />
                              <test-case name="NUnit.Framework.Constraints.EndsWithTest.FailsWithBadValues(&quot;say hello to fred&quot;)" executed="True" result="Success" success="True" time="0.000" asserts="1" />
                              <test-case name="NUnit.Framework.Constraints.EndsWithTest.FailsWithBadValues(&quot;&quot;)" executed="True" result="Success" success="True" time="0.001" asserts="1" />
                              <test-case name="NUnit.Framework.Constraints.EndsWithTest.FailsWithBadValues(null)" executed="True" result="Success" success="True" time="0.000" asserts="1" />
                            </results>
                          </test-suite>
                          <test-suite type="ParameterizedTest" name="ProvidesProperFailureMessage" executed="True" result="Success" success="True" time="0.011" asserts="0">
                            <results>
                              <test-case name="NUnit.Framework.Constraints.EndsWithTest.ProvidesProperFailureMessage(&quot;goodbye&quot;,&quot;\&quot;goodbye\&quot;&quot;)" executed="True" result="Success" success="True" time="0.001" asserts="1" />
                              <test-case name="NUnit.Framework.Constraints.EndsWithTest.ProvidesProperFailureMessage(&quot;What the hell?&quot;,&quot;\&quot;What the hell?\&quot;&quot;)" executed="True" result="Success" success="True" time="0.000" asserts="1" />
                              <test-case name="NUnit.Framework.Constraints.EndsWithTest.ProvidesProperFailureMessage(&quot;hello there&quot;,&quot;\&quot;hello there\&quot;&quot;)" executed="True" result="Success" success="True" time="0.000" asserts="1" />
                              <test-case name="NUnit.Framework.Constraints.EndsWithTest.ProvidesProperFailureMessage(&quot;say hello to fred&quot;,&quot;\&quot;say hello to fred\&quot;&quot;)" executed="True" result="Success" success="True" time="0.000" asserts="1" />
                              <test-case name="NUnit.Framework.Constraints.EndsWithTest.ProvidesProperFailureMessage(&quot;&quot;,&quot;&lt;string.Empty&gt;&quot;)" executed="True" result="Success" success="True" time="0.000" asserts="1" />
                              <test-case name="NUnit.Framework.Constraints.EndsWithTest.ProvidesProperFailureMessage(null,&quot;null&quot;)" executed="True" result="Success" success="True" time="0.000" asserts="1" />
                            </results>
                          </test-suite>
                          <test-suite type="ParameterizedTest" name="SucceedsWithGoodValues" executed="True" result="Success" success="True" time="0.003" asserts="0">
                            <results>
                              <test-case name="NUnit.Framework.Constraints.EndsWithTest.SucceedsWithGoodValues(&quot;hello&quot;)" executed="True" result="Success" success="True" time="0.000" asserts="1" />
                              <test-case name="NUnit.Framework.Constraints.EndsWithTest.SucceedsWithGoodValues(&quot;I said hello&quot;)" executed="True" result="Success" success="True" time="0.000" asserts="1" />
                            </results>
                          </test-suite>
                        </results>
                      </test-suite>
                      <test-suite type="TestFixture" name="EndsWithTestIgnoringCase" executed="True" result="Success" success="True" time="0.040" asserts="0">
                        <results>
                          <test-case name="NUnit.Framework.Constraints.EndsWithTestIgnoringCase.ConstraintTestBaseNoData.ProvidesProperDescription" executed="True" result="Success" success="True" time="0.001" asserts="1" />
                          <test-case name="NUnit.Framework.Constraints.EndsWithTestIgnoringCase.ConstraintTestBaseNoData.ProvidesProperStringRepresentation" executed="True" result="Success" success="True" time="0.000" asserts="1" />
                          <test-suite type="ParameterizedTest" name="FailsWithBadValues" executed="True" result="Success" success="True" time="0.010" asserts="0">
                            <results>
                              <test-case name="NUnit.Framework.Constraints.EndsWithTestIgnoringCase.FailsWithBadValues(&quot;goodbye&quot;)" executed="True" result="Success" success="True" time="0.000" asserts="1" />
                              <test-case name="NUnit.Framework.Constraints.EndsWithTestIgnoringCase.FailsWithBadValues(&quot;What the hell?&quot;)" executed="True" result="Success" success="True" time="0.000" asserts="1" />
                              <test-case name="NUnit.Framework.Constraints.EndsWithTestIgnoringCase.FailsWithBadValues(&quot;hello there&quot;)" executed="True" result="Success" success="True" time="0.000" asserts="1" />
                              <test-case name="NUnit.Framework.Constraints.EndsWithTestIgnoringCase.FailsWithBadValues(&quot;say hello to fred&quot;)" executed="True" result="Success" success="True" time="0.000" asserts="1" />
                              <test-case name="NUnit.Framework.Constraints.EndsWithTestIgnoringCase.FailsWithBadValues(&quot;&quot;)" executed="True" result="Success" success="True" time="0.000" asserts="1" />
                              <test-case name="NUnit.Framework.Constraints.EndsWithTestIgnoringCase.FailsWithBadValues(null)" executed="True" result="Success" success="True" time="0.000" asserts="1" />
                            </results>
                          </test-suite>
                          <test-suite type="ParameterizedTest" name="ProvidesProperFailureMessage" executed="True" result="Success" success="True" time="0.014" asserts="0">
                            <results>
                              <test-case name="NUnit.Framework.Constraints.EndsWithTestIgnoringCase.ProvidesProperFailureMessage(&quot;goodbye&quot;,&quot;\&quot;goodbye\&quot;&quot;)" executed="True" result="Success" success="True" time="0.000" asserts="1" />
                              <test-case name="NUnit.Framework.Constraints.EndsWithTestIgnoringCase.ProvidesProperFailureMessage(&quot;What the hell?&quot;,&quot;\&quot;What the hell?\&quot;&quot;)" executed="True" result="Success" success="True" time="0.001" asserts="1" />
                              <test-case name="NUnit.Framework.Constraints.EndsWithTestIgnoringCase.ProvidesProperFailureMessage(&quot;hello there&quot;,&quot;\&quot;hello there\&quot;&quot;)" executed="True" result="Success" success="True" time="0.000" asserts="1" />
                              <test-case name="NUnit.Framework.Constraints.EndsWithTestIgnoringCase.ProvidesProperFailureMessage(&quot;say hello to fred&quot;,&quot;\&quot;say hello to fred\&quot;&quot;)" executed="True" result="Success" success="True" time="0.000" asserts="1" />
                              <test-case name="NUnit.Framework.Constraints.EndsWithTestIgnoringCase.ProvidesProperFailureMessage(&quot;&quot;,&quot;&lt;string.Empty&gt;&quot;)" executed="True" result="Success" success="True" time="0.000" asserts="1" />
                              <test-case name="NUnit.Framework.Constraints.EndsWithTestIgnoringCase.ProvidesProperFailureMessage(null,&quot;null&quot;)" executed="True" result="Success" success="True" time="0.000" asserts="1" />
                            </results>
                          </test-suite>
                          <test-suite type="ParameterizedTest" name="SucceedsWithGoodValues" executed="True" result="Success" success="True" time="0.003" asserts="0">
                            <results>
                              <test-case name="NUnit.Framework.Constraints.EndsWithTestIgnoringCase.SucceedsWithGoodValues(&quot;HELLO&quot;)" executed="True" result="Success" success="True" time="0.000" asserts="1" />
                              <test-case name="NUnit.Framework.Constraints.EndsWithTestIgnoringCase.SucceedsWithGoodValues(&quot;I said Hello&quot;)" executed="True" result="Success" success="True" time="0.000" asserts="1" />
                            </results>
                          </test-suite>
                        </results>
                      </test-suite>
                      <test-suite type="TestFixture" name="EqualConstraintTest" executed="True" result="Success" success="True" time="0.206" asserts="0">
                        <results>
                          <test-case name="NUnit.Framework.Constraints.EqualConstraintTest.CanMatchDates" executed="True" result="Success" success="True" time="0.001" asserts="1" />
                          <test-case name="NUnit.Framework.Constraints.EqualConstraintTest.CanMatchDatesWithinDays" executed="True" result="Success" success="True" time="0.001" asserts="1" />
                          <test-case name="NUnit.Framework.Constraints.EqualConstraintTest.CanMatchDatesWithinHours" executed="True" result="Success" success="True" time="0.001" asserts="1" />
                          <test-case name="NUnit.Framework.Constraints.EqualConstraintTest.CanMatchDatesWithinMilliseconds" executed="True" result="Success" success="True" time="0.001" asserts="1" />
                          <test-case name="NUnit.Framework.Constraints.EqualConstraintTest.CanMatchDatesWithinMinutes" executed="True" result="Success" success="True" time="0.001" asserts="1" />
                          <test-case name="NUnit.Framework.Constraints.EqualConstraintTest.CanMatchDatesWithinSeconds" executed="True" result="Success" success="True" time="0.001" asserts="1" />
                          <test-case name="NUnit.Framework.Constraints.EqualConstraintTest.CanMatchDatesWithinTicks" executed="True" result="Success" success="True" time="0.001" asserts="1" />
                          <test-case name="NUnit.Framework.Constraints.EqualConstraintTest.CanMatchDatesWithinTimeSpan" executed="True" result="Success" success="True" time="0.000" asserts="1" />
                          <test-suite type="ParameterizedTest" name="CanMatchDoublesWithRelativeTolerance" executed="True" result="Success" success="True" time="0.006" asserts="0">
                            <results>
                              <test-case name="NUnit.Framework.Constraints.EqualConstraintTest.CanMatchDoublesWithRelativeTolerance(10000.0d)" executed="True" result="Success" success="True" time="0.001" asserts="2" />
                              <test-case name="NUnit.Framework.Constraints.EqualConstraintTest.CanMatchDoublesWithRelativeTolerance(9500.0d)" executed="True" result="Success" success="True" time="0.000" asserts="2" />
                              <test-case name="NUnit.Framework.Constraints.EqualConstraintTest.CanMatchDoublesWithRelativeTolerance(10500.0d)" executed="True" result="Success" success="True" time="0.000" asserts="2" />
                            </results>
                          </test-suite>
                          <test-suite type="ParameterizedTest" name="CanMatchDoublesWithUlpTolerance" executed="True" result="Success" success="True" time="0.004" asserts="0">
                            <results>
                              <test-case name="NUnit.Framework.Constraints.EqualConstraintTest.CanMatchDoublesWithUlpTolerance(2E+16.0d)" executed="True" result="Success" success="True" time="0.001" asserts="2" />
                              <test-case name="NUnit.Framework.Constraints.EqualConstraintTest.CanMatchDoublesWithUlpTolerance(2E+16.0d)" executed="True" result="Success" success="True" time="0.000" asserts="2" />
                            </results>
                          </test-suite>
                          <test-suite type="ParameterizedTest" name="CanMatchSinglesWithRelativeTolerance" executed="True" result="Success" success="True" time="0.008" asserts="0">
                            <results>
                              <test-case name="NUnit.Framework.Constraints.EqualConstraintTest.CanMatchSinglesWithRelativeTolerance(10000.0f)" executed="True" result="Success" success="True" time="0.000" asserts="2" />
                              <test-case name="NUnit.Framework.Constraints.EqualConstraintTest.CanMatchSinglesWithRelativeTolerance(10500.0f)" executed="True" result="Success" success="True" time="0.000" asserts="2" />
                              <test-case name="NUnit.Framework.Constraints.EqualConstraintTest.CanMatchSinglesWithRelativeTolerance(9500.0f)" executed="True" result="Success" success="True" time="0.000" asserts="2" />
                            </results>
                          </test-suite>
                          <test-suite type="ParameterizedTest" name="CanMatchSinglesWithUlpTolerance" executed="True" result="Success" success="True" time="0.003" asserts="0">
                            <results>
                              <test-case name="NUnit.Framework.Constraints.EqualConstraintTest.CanMatchSinglesWithUlpTolerance(2E+07.0f)" executed="True" result="Success" success="True" time="0.000" asserts="2" />
                              <test-case name="NUnit.Framework.Constraints.EqualConstraintTest.CanMatchSinglesWithUlpTolerance(2E+07.0f)" executed="True" result="Success" success="True" time="0.000" asserts="2" />
                            </results>
                          </test-suite>
                          <test-suite type="ParameterizedTest" name="CanMatchSpecialFloatingPointValues" executed="True" result="Success" success="True" time="0.011" asserts="0">
                            <results>
                              <test-case name="NUnit.Framework.Constraints.EqualConstraintTest.CanMatchSpecialFloatingPointValues(double.PositiveInfinity)" executed="True" result="Success" success="True" time="0.001" asserts="2" />
                              <test-case name="NUnit.Framework.Constraints.EqualConstraintTest.CanMatchSpecialFloatingPointValues(float.NegativeInfinity)" executed="True" result="Success" success="True" time="0.000" asserts="2" />
                              <test-case name="NUnit.Framework.Constraints.EqualConstraintTest.CanMatchSpecialFloatingPointValues(float.PositiveInfinity)" executed="True" result="Success" success="True" time="0.000" asserts="2" />
                              <test-case name="NUnit.Framework.Constraints.EqualConstraintTest.CanMatchSpecialFloatingPointValues(double.NaN)" executed="True" result="Success" success="True" time="0.000" asserts="2" />
                              <test-case name="NUnit.Framework.Constraints.EqualConstraintTest.CanMatchSpecialFloatingPointValues(double.NegativeInfinity)" executed="True" result="Success" success="True" time="0.000" asserts="2" />
                              <test-case name="NUnit.Framework.Constraints.EqualConstraintTest.CanMatchSpecialFloatingPointValues(float.NaN)" executed="True" result="Success" success="True" time="0.000" asserts="2" />
                            </results>
                          </test-suite>
                          <test-case name="NUnit.Framework.Constraints.EqualConstraintTest.CanMatchTimeSpanWithinMinutes" executed="True" result="Success" success="True" time="0.000" asserts="1" />
                          <test-case name="NUnit.Framework.Constraints.EqualConstraintTest.ConstraintTestBaseNoData.ProvidesProperDescription" executed="True" result="Success" success="True" time="0.000" asserts="1" />
                          <test-case name="NUnit.Framework.Constraints.EqualConstraintTest.ConstraintTestBaseNoData.ProvidesProperStringRepresentation" executed="True" result="Success" success="True" time="0.000" asserts="1" />
                          <test-case name="NUnit.Framework.Constraints.EqualConstraintTest.ErrorIfDaysPrecedesWithin" executed="True" result="Success" success="True" time="0.001" asserts="0" />
                          <test-case name="NUnit.Framework.Constraints.EqualConstraintTest.ErrorIfHoursPrecedesWithin" executed="True" result="Success" success="True" time="0.001" asserts="0" />
                          <test-case name="NUnit.Framework.Constraints.EqualConstraintTest.ErrorIfMillisecondsPrecedesWithin" executed="True" result="Success" success="True" time="0.001" asserts="0" />
                          <test-case name="NUnit.Framework.Constraints.EqualConstraintTest.ErrorIfMinutesPrecedesWithin" executed="True" result="Success" success="True" time="0.000" asserts="0" />
                          <test-case name="NUnit.Framework.Constraints.EqualConstraintTest.ErrorIfPercentPrecedesWithin" executed="True" result="Success" success="True" time="0.001" asserts="0" />
                          <test-case name="NUnit.Framework.Constraints.EqualConstraintTest.ErrorIfSecondsPrecedesWithin" executed="True" result="Success" success="True" time="0.001" asserts="0" />
                          <test-case name="NUnit.Framework.Constraints.EqualConstraintTest.ErrorIfTicksPrecedesWithin" executed="True" result="Success" success="True" time="0.001" asserts="0" />
                          <test-case name="NUnit.Framework.Constraints.EqualConstraintTest.ErrorIfUlpsIsUsedOnDecimal" executed="True" result="Success" success="True" time="0.001" asserts="1" />
                          <test-suite type="ParameterizedTest" name="ErrorIfUlpsIsUsedOnIntegralType" executed="True" result="Success" success="True" time="0.009" asserts="0">
                            <results>
                              <test-case name="NUnit.Framework.Constraints.EqualConstraintTest.ErrorIfUlpsIsUsedOnIntegralType(1000,1010)" executed="True" result="Success" success="True" time="0.000" asserts="1" />
                              <test-case name="NUnit.Framework.Constraints.EqualConstraintTest.ErrorIfUlpsIsUsedOnIntegralType(1000UL,1010UL)" executed="True" result="Success" success="True" time="0.001" asserts="1" />
                              <test-case name="NUnit.Framework.Constraints.EqualConstraintTest.ErrorIfUlpsIsUsedOnIntegralType(1000,1010)" executed="True" result="Success" success="True" time="0.000" asserts="1" />
                              <test-case name="NUnit.Framework.Constraints.EqualConstraintTest.ErrorIfUlpsIsUsedOnIntegralType(1000L,1010L)" executed="True" result="Success" success="True" time="0.001" asserts="1" />
                            </results>
                          </test-suite>
                          <test-case name="NUnit.Framework.Constraints.EqualConstraintTest.ErrorIfUlpsPrecedesWithin" executed="True" result="Success" success="True" time="0.001" asserts="0" />
                          <test-case name="NUnit.Framework.Constraints.EqualConstraintTest.ErrorWithPercentAndUlpsToleranceModes" executed="True" result="Success" success="True" time="0.001" asserts="0" />
                          <test-case name="NUnit.Framework.Constraints.EqualConstraintTest.ErrorWithUlpsAndPercentToleranceModes" executed="True" result="Success" success="True" time="0.001" asserts="0" />
                          <test-suite type="ParameterizedTest" name="FailsOnDoublesOutsideOfRelativeTolerance" executed="True" result="Success" success="True" time="0.007" asserts="0">
                            <results>
                              <test-case name="NUnit.Framework.Constraints.EqualConstraintTest.FailsOnDoublesOutsideOfRelativeTolerance(11500.0d)" executed="True" result="Success" success="True" time="0.003" asserts="1" />
                              <test-case name="NUnit.Framework.Constraints.EqualConstraintTest.FailsOnDoublesOutsideOfRelativeTolerance(8500.0d)" executed="True" result="Success" success="True" time="0.000" asserts="1" />
                            </results>
                          </test-suite>
                          <test-suite type="ParameterizedTest" name="FailsOnDoublesOutsideOfUlpTolerance" executed="True" result="Success" success="True" time="0.003" asserts="0">
                            <results>
                              <test-case name="NUnit.Framework.Constraints.EqualConstraintTest.FailsOnDoublesOutsideOfUlpTolerance(2E+16.0d)" executed="True" result="Success" success="True" time="0.000" asserts="1" />
                              <test-case name="NUnit.Framework.Constraints.EqualConstraintTest.FailsOnDoublesOutsideOfUlpTolerance(2E+16.0d)" executed="True" result="Success" success="True" time="0.000" asserts="1" />
                            </results>
                          </test-suite>
                          <test-suite type="ParameterizedTest" name="FailsOnSinglesOutsideOfRelativeTolerance" executed="True" result="Success" success="True" time="0.004" asserts="0">
                            <results>
                              <test-case name="NUnit.Framework.Constraints.EqualConstraintTest.FailsOnSinglesOutsideOfRelativeTolerance(8500.0f)" executed="True" result="Success" success="True" time="0.001" asserts="1" />
                              <test-case name="NUnit.Framework.Constraints.EqualConstraintTest.FailsOnSinglesOutsideOfRelativeTolerance(11500.0f)" executed="True" result="Success" success="True" time="0.000" asserts="1" />
                            </results>
                          </test-suite>
                          <test-suite type="ParameterizedTest" name="FailsOnSinglesOutsideOfUlpTolerance" executed="True" result="Success" success="True" time="0.004" asserts="0">
                            <results>
                              <test-case name="NUnit.Framework.Constraints.EqualConstraintTest.FailsOnSinglesOutsideOfUlpTolerance(2E+07.0f)" executed="True" result="Success" success="True" time="0.000" asserts="1" />
                              <test-case name="NUnit.Framework.Constraints.EqualConstraintTest.FailsOnSinglesOutsideOfUlpTolerance(2E+07.0f)" executed="True" result="Success" success="True" time="0.001" asserts="1" />
                            </results>
                          </test-suite>
                          <test-suite type="ParameterizedTest" name="FailsWithBadValues" executed="True" result="Success" success="True" time="0.009" asserts="0">
                            <results>
                              <test-case name="NUnit.Framework.Constraints.EqualConstraintTest.FailsWithBadValues(5)" executed="True" result="Success" success="True" time="0.000" asserts="1" />
                              <test-case name="NUnit.Framework.Constraints.EqualConstraintTest.FailsWithBadValues(null)" executed="True" result="Success" success="True" time="0.000" asserts="1" />
                              <test-case name="NUnit.Framework.Constraints.EqualConstraintTest.FailsWithBadValues(&quot;Hello&quot;)" executed="True" result="Success" success="True" time="0.000" asserts="1" />
                              <test-case name="NUnit.Framework.Constraints.EqualConstraintTest.FailsWithBadValues(double.NaN)" executed="True" result="Success" success="True" time="0.000" asserts="1" />
                              <test-case name="NUnit.Framework.Constraints.EqualConstraintTest.FailsWithBadValues(double.PositiveInfinity)" executed="True" result="Success" success="True" time="0.000" asserts="1" />
                            </results>
                          </test-suite>
                          <test-suite type="ParameterizedTest" name="ProvidesProperFailureMessage" executed="True" result="Success" success="True" time="0.009" asserts="0">
                            <results>
                              <test-case name="NUnit.Framework.Constraints.EqualConstraintTest.ProvidesProperFailureMessage(5,&quot;5&quot;)" executed="True" result="Success" success="True" time="0.000" asserts="1" />
                              <test-case name="NUnit.Framework.Constraints.EqualConstraintTest.ProvidesProperFailureMessage(null,&quot;null&quot;)" executed="True" result="Success" success="True" time="0.000" asserts="1" />
                              <test-case name="NUnit.Framework.Constraints.EqualConstraintTest.ProvidesProperFailureMessage(&quot;Hello&quot;,&quot;\&quot;Hello\&quot;&quot;)" executed="True" result="Success" success="True" time="0.000" asserts="1" />
                              <test-case name="NUnit.Framework.Constraints.EqualConstraintTest.ProvidesProperFailureMessage(double.NaN,&quot;NaN&quot;)" executed="True" result="Success" success="True" time="0.000" asserts="1" />
                              <test-case name="NUnit.Framework.Constraints.EqualConstraintTest.ProvidesProperFailureMessage(double.PositiveInfinity,&quot;Infinity&quot;)" executed="True" result="Success" success="True" time="0.000" asserts="1" />
                            </results>
                          </test-suite>
                          <test-suite type="ParameterizedTest" name="SucceedsWithGoodValues" executed="True" result="Success" success="True" time="0.009" asserts="0">
                            <results>
                              <test-case name="NUnit.Framework.Constraints.EqualConstraintTest.SucceedsWithGoodValues(4)" executed="True" result="Success" success="True" time="0.000" asserts="1" />
                              <test-case name="NUnit.Framework.Constraints.EqualConstraintTest.SucceedsWithGoodValues(4.0f)" executed="True" result="Success" success="True" time="0.000" asserts="1" />
                              <test-case name="NUnit.Framework.Constraints.EqualConstraintTest.SucceedsWithGoodValues(4.0d)" executed="True" result="Success" success="True" time="0.000" asserts="1" />
                              <test-case name="NUnit.Framework.Constraints.EqualConstraintTest.SucceedsWithGoodValues(4.0000m)" executed="True" result="Success" success="True" time="0.002" asserts="1" />
                            </results>
                          </test-suite>
                          <test-case name="NUnit.Framework.Constraints.EqualConstraintTest.UsesProvidedComparerOfT" executed="True" result="Success" success="True" time="0.001" asserts="2" />
                          <test-case name="NUnit.Framework.Constraints.EqualConstraintTest.UsesProvidedComparisonOfT" executed="True" result="Success" success="True" time="0.002" asserts="2" />
                          <test-case name="NUnit.Framework.Constraints.EqualConstraintTest.UsesProvidedEqualityComparer" executed="True" result="Success" success="True" time="0.001" asserts="2" />
                          <test-case name="NUnit.Framework.Constraints.EqualConstraintTest.UsesProvidedEqualityComparerOfT" executed="True" result="Success" success="True" time="0.003" asserts="2" />
                          <test-case name="NUnit.Framework.Constraints.EqualConstraintTest.UsesProvidedIComparer" executed="True" result="Success" success="True" time="0.000" asserts="2" />
                        </results>
                      </test-suite>
                      <test-suite type="TestFixture" name="EqualityComparerTests" executed="True" result="Success" success="True" time="0.002" asserts="0">
                        <results>
                          <test-case name="NUnit.Framework.Constraints.EqualityComparerTests.CanCompareArrayContainingSelfToSelf" executed="True" result="Success" success="True" time="0.000" asserts="1" />
                        </results>
                      </test-suite>
                      <test-suite type="TestFixture" name="EqualTest" executed="True" result="Success" success="True" time="0.019" asserts="0">
                        <results>
                          <test-case name="NUnit.Framework.Constraints.EqualTest.FailedStringMatchShowsFailurePosition" executed="True" result="Success" success="True" time="0.007" asserts="2" />
                          <test-case name="NUnit.Framework.Constraints.EqualTest.LongStringsAreTruncated" executed="True" result="Success" success="True" time="0.001" asserts="2" />
                          <test-case name="NUnit.Framework.Constraints.EqualTest.LongStringsAreTruncatedAtBothEndsIfNecessary" executed="True" result="Success" success="True" time="0.001" asserts="2" />
                          <test-case name="NUnit.Framework.Constraints.EqualTest.LongStringsAreTruncatedAtFrontEndIfNecessary" executed="True" result="Success" success="True" time="0.001" asserts="2" />
                          <test-case name="NUnit.Framework.Constraints.EqualTest.TestPropertyWithPrivateSetter" executed="True" result="Success" success="True" time="0.000" asserts="1" />
                        </results>
                      </test-suite>
                      <test-suite type="TestFixture" name="ExactTypeTest" executed="True" result="Success" success="True" time="0.017" asserts="0">
                        <results>
                          <test-case name="NUnit.Framework.Constraints.ExactTypeTest.ConstraintTestBaseNoData.ProvidesProperDescription" executed="True" result="Success" success="True" time="0.001" asserts="1" />
                          <test-case name="NUnit.Framework.Constraints.ExactTypeTest.ConstraintTestBaseNoData.ProvidesProperStringRepresentation" executed="True" result="Success" success="True" time="0.000" asserts="1" />
                          <test-suite type="ParameterizedTest" name="FailsWithBadValues" executed="True" result="Success" success="True" time="0.003" asserts="0">
                            <results>
                              <test-case name="NUnit.Framework.Constraints.ExactTypeTest.FailsWithBadValues(NUnit.Framework.Constraints.B)" executed="True" result="Success" success="True" time="0.000" asserts="1" />
                              <test-case name="NUnit.Framework.Constraints.ExactTypeTest.FailsWithBadValues(NUnit.Framework.Constraints.D2)" executed="True" result="Success" success="True" time="0.000" asserts="1" />
                            </results>
                          </test-suite>
                          <test-suite type="ParameterizedTest" name="ProvidesProperFailureMessage" executed="True" result="Success" success="True" time="0.004" asserts="0">
                            <results>
                              <test-case name="NUnit.Framework.Constraints.ExactTypeTest.ProvidesProperFailureMessage(NUnit.Framework.Constraints.B,&quot;&lt;NUnit.Framework.Constraints.B&gt;&quot;)" executed="True" result="Success" success="True" time="0.001" asserts="1" />
                              <test-case name="NUnit.Framework.Constraints.ExactTypeTest.ProvidesProperFailureMessage(NUnit.Framework.Constraints.D2,&quot;&lt;NUnit.Framework.Constraints.D2&gt;&quot;)" executed="True" result="Success" success="True" time="0.000" asserts="1" />
                            </results>
                          </test-suite>
                          <test-suite type="ParameterizedTest" name="SucceedsWithGoodValues" executed="True" result="Success" success="True" time="0.001" asserts="0">
                            <results>
                              <test-case name="NUnit.Framework.Constraints.ExactTypeTest.SucceedsWithGoodValues(NUnit.Framework.Constraints.D1)" executed="True" result="Success" success="True" time="0.000" asserts="1" />
                            </results>
                          </test-suite>
                        </results>
                      </test-suite>
                      <test-suite type="TestFixture" name="FalseConstraintTest" executed="True" result="Success" success="True" time="0.027" asserts="0">
                        <results>
                          <test-case name="NUnit.Framework.Constraints.FalseConstraintTest.ConstraintTestBaseNoData.ProvidesProperDescription" executed="True" result="Success" success="True" time="0.001" asserts="1" />
                          <test-case name="NUnit.Framework.Constraints.FalseConstraintTest.ConstraintTestBaseNoData.ProvidesProperStringRepresentation" executed="True" result="Success" success="True" time="0.000" asserts="1" />
                          <test-suite type="ParameterizedTest" name="FailsWithBadValues" executed="True" result="Success" success="True" time="0.007" asserts="0">
                            <results>
                              <test-case name="NUnit.Framework.Constraints.FalseConstraintTest.FailsWithBadValues(null)" executed="True" result="Success" success="True" time="0.000" asserts="1" />
                              <test-case name="NUnit.Framework.Constraints.FalseConstraintTest.FailsWithBadValues(&quot;hello&quot;)" executed="True" result="Success" success="True" time="0.000" asserts="1" />
                              <test-case name="NUnit.Framework.Constraints.FalseConstraintTest.FailsWithBadValues(True)" executed="True" result="Success" success="True" time="0.000" asserts="1" />
                              <test-case name="NUnit.Framework.Constraints.FalseConstraintTest.FailsWithBadValues(True)" executed="True" result="Success" success="True" time="0.000" asserts="1" />
                            </results>
                          </test-suite>
                          <test-suite type="ParameterizedTest" name="ProvidesProperFailureMessage" executed="True" result="Success" success="True" time="0.006" asserts="0">
                            <results>
                              <test-case name="NUnit.Framework.Constraints.FalseConstraintTest.ProvidesProperFailureMessage(null,&quot;null&quot;)" executed="True" result="Success" success="True" time="0.000" asserts="1" />
                              <test-case name="NUnit.Framework.Constraints.FalseConstraintTest.ProvidesProperFailureMessage(&quot;hello&quot;,&quot;\&quot;hello\&quot;&quot;)" executed="True" result="Success" success="True" time="0.000" asserts="1" />
                              <test-case name="NUnit.Framework.Constraints.FalseConstraintTest.ProvidesProperFailureMessage(True,&quot;True&quot;)" executed="True" result="Success" success="True" time="0.000" asserts="1" />
                              <test-case name="NUnit.Framework.Constraints.FalseConstraintTest.ProvidesProperFailureMessage(True,&quot;True&quot;)" executed="True" result="Success" success="True" time="0.000" asserts="1" />
                            </results>
                          </test-suite>
                          <test-suite type="ParameterizedTest" name="SucceedsWithGoodValues" executed="True" result="Success" success="True" time="0.003" asserts="0">
                            <results>
                              <test-case name="NUnit.Framework.Constraints.FalseConstraintTest.SucceedsWithGoodValues(False)" executed="True" result="Success" success="True" time="0.000" asserts="1" />
                              <test-case name="NUnit.Framework.Constraints.FalseConstraintTest.SucceedsWithGoodValues(False)" executed="True" result="Success" success="True" time="0.000" asserts="1" />
                            </results>
                          </test-suite>
                        </results>
                      </test-suite>
                      <test-suite type="TestFixture" name="FloatingPointNumericsTest" executed="True" result="Success" success="True" time="0.015" asserts="0">
                        <results>
                          <test-case name="NUnit.Framework.Constraints.FloatingPointNumericsTest.DoubleEqualityWithUlps" executed="True" result="Success" success="True" time="0.001" asserts="4" />
                          <test-case name="NUnit.Framework.Constraints.FloatingPointNumericsTest.FloatEqualityWithUlps" executed="True" result="Success" success="True" time="0.000" asserts="4" />
                          <test-case name="NUnit.Framework.Constraints.FloatingPointNumericsTest.MirroredDoubleReinterpretation" executed="True" result="Success" success="True" time="0.002" asserts="1" />
                          <test-case name="NUnit.Framework.Constraints.FloatingPointNumericsTest.MirroredFloatReinterpretation" executed="True" result="Success" success="True" time="0.001" asserts="1" />
                          <test-case name="NUnit.Framework.Constraints.FloatingPointNumericsTest.MirroredIntegerReinterpretation" executed="True" result="Success" success="True" time="0.000" asserts="1" />
                          <test-case name="NUnit.Framework.Constraints.FloatingPointNumericsTest.MirroredLongReinterpretation" executed="True" result="Success" success="True" time="0.000" asserts="1" />
                        </results>
                      </test-suite>
                      <test-suite type="TestFixture" name="GreaterThanOrEqualTest" executed="True" result="Success" success="True" time="0.036" asserts="0">
                        <results>
                          <test-case name="NUnit.Framework.Constraints.GreaterThanOrEqualTest.CanCompareIComparables" executed="True" result="Success" success="True" time="0.001" asserts="1" />
                          <test-case name="NUnit.Framework.Constraints.GreaterThanOrEqualTest.CanCompareIComparablesOfT" executed="True" result="Success" success="True" time="0.001" asserts="1" />
[...]
                        <results>
                          <test-case name="NUnit.UiException.Tests.TestStackTraceParser.Test_Ability_To_Handle_Different_Path_System_Syntaxes" executed="True" result="Success" success="True" time="0.001" asserts="3" />
                          <test-case name="NUnit.UiException.Tests.TestStackTraceParser.Test_Ability_To_Handle_Files_With_Unknown_Extension" executed="True" result="Success" success="True" time="0.001" asserts="2" />
                          <test-case name="NUnit.UiException.Tests.TestStackTraceParser.Test_Analysis_Does_Not_Depend_Upon_File_Extension" executed="True" result="Success" success="True" time="0.001" asserts="2" />
                          <test-case name="NUnit.UiException.Tests.TestStackTraceParser.Test_Default" executed="True" result="Success" success="True" time="0.000" asserts="2" />
                          <test-case name="NUnit.UiException.Tests.TestStackTraceParser.Test_English_Stack" executed="True" result="Success" success="True" time="0.001" asserts="2" />
                          <test-case name="NUnit.UiException.Tests.TestStackTraceParser.Test_Missing_Line_Number" executed="True" result="Success" success="True" time="0.001" asserts="2" />
                          <test-case name="NUnit.UiException.Tests.TestStackTraceParser.Test_Parse" executed="True" result="Success" success="True" time="0.001" asserts="3" />
                          <test-case name="NUnit.UiException.Tests.TestStackTraceParser.Test_Parse_MultipleExtension" executed="True" result="Success" success="True" time="0.002" asserts="6" />
                          <test-case name="NUnit.UiException.Tests.TestStackTraceParser.Test_Parse_Null" executed="True" result="Success" success="True" time="0.000" asserts="0" />
                          <test-case name="NUnit.UiException.Tests.TestStackTraceParser.Test_Parse_With_Real_Life_Samples" executed="True" result="Success" success="True" time="0.001" asserts="5" />
                          <test-case name="NUnit.UiException.Tests.TestStackTraceParser.Test_Trace_When_Missing_File" executed="True" result="Success" success="True" time="0.001" asserts="5" />
                        </results>
                      </test-suite>
                    </results>
                  </test-suite>
                </results>
              </test-suite>
            </results>
          </test-suite>
        </results>
      </test-suite>
      <test-suite type="Assembly" name="D:\Dev\NUnit\nunit-2.5\work\build\net\2.0\release\tests/nunit.uikit.tests.dll" executed="True" result="Success" success="True" time="2.630" asserts="0">
        <results>
          <test-suite type="Namespace" name="NUnit" executed="True" result="Success" success="True" time="2.630" asserts="0">
            <results>
              <test-suite type="Namespace" name="UiKit" executed="True" result="Success" success="True" time="2.630" asserts="0">
                <results>
                  <test-suite type="Namespace" name="Tests" executed="True" result="Success" success="True" time="2.629" asserts="0">
                    <results>
                      <test-suite type="TestFixture" name="AddConfigurationDialogTests" executed="True" result="Success" success="True" time="0.349" asserts="0">
                        <results>
                          <test-case name="NUnit.UiKit.Tests.AddConfigurationDialogTests.CheckComboBox" executed="True" result="Success" success="True" time="0.241" asserts="5" />
                          <test-case name="NUnit.UiKit.Tests.AddConfigurationDialogTests.CheckForControls" executed="True" result="Success" success="True" time="0.002" asserts="0" />
                          <test-case name="NUnit.UiKit.Tests.AddConfigurationDialogTests.CheckTextBox" executed="True" result="Success" success="True" time="0.002" asserts="1" />
                          <test-case name="NUnit.UiKit.Tests.AddConfigurationDialogTests.TestComplexEntry" executed="True" result="Success" success="True" time="0.075" asserts="2" />
                          <test-case name="NUnit.UiKit.Tests.AddConfigurationDialogTests.TestSimpleEntry" executed="True" result="Success" success="True" time="0.018" asserts="2" />
                        </results>
                      </test-suite>
                      <test-suite type="TestFixture" name="ErrorDisplayTests" executed="True" result="Success" success="True" time="0.042" asserts="0">
                        <results>
                          <test-case name="NUnit.UiKit.Tests.ErrorDisplayTests.ControlsArePositionedCorrectly" executed="True" result="Success" success="True" time="0.001" asserts="0" />
                          <test-case name="NUnit.UiKit.Tests.ErrorDisplayTests.ControlsExist" executed="True" result="Success" success="True" time="0.000" asserts="0" />
                        </results>
                      </test-suite>
                      <test-suite type="TestFixture" name="LongRunningOperationDisplayTests" executed="True" result="Success" success="True" time="0.021" asserts="0">
                        <results>
                          <test-case name="NUnit.UiKit.Tests.LongRunningOperationDisplayTests.CreateDisplay" executed="True" result="Success" success="True" time="0.020" asserts="2" />
                        </results>
                      </test-suite>
                      <test-suite type="TestFixture" name="ProgressBarTests" executed="True" result="Success" success="True" time="0.061" asserts="0">
                        <results>
                          <test-case name="NUnit.UiKit.Tests.ProgressBarTests.TestProgressDisplay" executed="True" result="Success" success="True" time="0.060" asserts="5" />
                        </results>
                      </test-suite>
                      <test-suite type="TestFixture" name="RecentFileMenuHandlerTests" executed="True" result="Success" success="True" time="0.013" asserts="0">
                        <results>
                          <test-case name="NUnit.UiKit.Tests.RecentFileMenuHandlerTests.DisableOnLoadWhenEmpty" executed="True" result="Success" success="True" time="0.003" asserts="1" />
                          <test-case name="NUnit.UiKit.Tests.RecentFileMenuHandlerTests.EnableOnLoadWhenNotEmpty" executed="True" result="Success" success="True" time="0.003" asserts="1" />
                          <test-case name="NUnit.UiKit.Tests.RecentFileMenuHandlerTests.LoadMenuItems" executed="True" result="Success" success="True" time="0.001" asserts="2" />
                        </results>
                      </test-suite>
                      <test-suite type="TestFixture" name="StatusBarTests" executed="True" result="Success" success="True" time="0.250" asserts="0">
                        <results>
                          <test-case name="NUnit.UiKit.Tests.StatusBarTests.TestConstruction" executed="True" result="Success" success="True" time="0.065" asserts="5" />
                          <test-case name="NUnit.UiKit.Tests.StatusBarTests.TestFinalDisplay" executed="True" result="Success" success="True" time="0.073" asserts="5" />
                          <test-case name="NUnit.UiKit.Tests.StatusBarTests.TestInitialization" executed="True" result="Success" success="True" time="0.044" asserts="10" />
                          <test-case name="NUnit.UiKit.Tests.StatusBarTests.TestProgressDisplay" executed="True" result="Success" success="True" time="0.057" asserts="5" />
                        </results>
                      </test-suite>
                      <test-suite type="TestFixture" name="TestSuiteTreeNodeTests" executed="True" result="Success" success="True" time="0.096" asserts="0">
                        <results>
                          <test-case name="NUnit.UiKit.Tests.TestSuiteTreeNodeTests.ClearNestedResults" executed="True" result="Success" success="True" time="0.021" asserts="8" />
                          <test-case name="NUnit.UiKit.Tests.TestSuiteTreeNodeTests.ClearResult" executed="True" result="Success" success="True" time="0.006" asserts="5" />
                          <test-case name="NUnit.UiKit.Tests.TestSuiteTreeNodeTests.ConstructFromTestInfo" executed="True" result="Success" success="True" time="0.006" asserts="6" />
                          <test-case name="NUnit.UiKit.Tests.TestSuiteTreeNodeTests.ResultNotSet" executed="True" result="Success" success="True" time="0.006" asserts="2" />
                          <test-case name="NUnit.UiKit.Tests.TestSuiteTreeNodeTests.SetResult_Failure" executed="True" result="Success" success="True" time="0.007" asserts="3" />
                          <test-case name="NUnit.UiKit.Tests.TestSuiteTreeNodeTests.SetResult_Ignore" executed="True" result="Success" success="True" time="0.006" asserts="4" />
                          <test-case name="NUnit.UiKit.Tests.TestSuiteTreeNodeTests.SetResult_Inconclusive" executed="True" result="Success" success="True" time="0.006" asserts="4" />
                          <test-case name="NUnit.UiKit.Tests.TestSuiteTreeNodeTests.SetResult_Skipped" executed="True" result="Success" success="True" time="0.006" asserts="3" />
                          <test-case name="NUnit.UiKit.Tests.TestSuiteTreeNodeTests.SetResult_Success" executed="True" result="Success" success="True" time="0.006" asserts="3" />
                        </results>
                      </test-suite>
                      <test-suite type="TestFixture" name="TestSuiteTreeViewReloadTests" executed="True" result="Success" success="True" time="0.906" asserts="0">
                        <results>
                          <test-case name="NUnit.UiKit.Tests.TestSuiteTreeViewReloadTests.CanReloadAfterChangingOrder" executed="True" result="Success" success="True" time="0.239" asserts="178" />
                          <test-case name="NUnit.UiKit.Tests.TestSuiteTreeViewReloadTests.CanReloadAfterDeletingBranch" executed="True" result="Success" success="True" time="0.056" asserts="137" />
                          <test-case name="NUnit.UiKit.Tests.TestSuiteTreeViewReloadTests.CanReloadAfterDeletingOneTestCase" executed="True" result="Success" success="True" time="0.056" asserts="175" />
                          <test-case name="NUnit.UiKit.Tests.TestSuiteTreeViewReloadTests.CanReloadAfterDeletingThreeTestCases" executed="True" result="Success" success="True" time="0.065" asserts="169" />
                          <test-case name="NUnit.UiKit.Tests.TestSuiteTreeViewReloadTests.CanReloadAfterInsertingTestCase" executed="True" result="Success" success="True" time="0.059" asserts="181" />
                          <test-case name="NUnit.UiKit.Tests.TestSuiteTreeViewReloadTests.CanReloadAfterInsertingTestFixture" executed="True" result="Success" success="True" time="0.056" asserts="182" />
                          <test-case name="NUnit.UiKit.Tests.TestSuiteTreeViewReloadTests.CanReloadAfterMultipleChanges" executed="True" result="Success" success="True" time="0.058" asserts="179" />
                          <test-case name="NUnit.UiKit.Tests.TestSuiteTreeViewReloadTests.CanReloadAfterTurningOffAutoNamespaces" executed="True" result="Success" success="True" time="0.107" asserts="159" />
                          <test-case name="NUnit.UiKit.Tests.TestSuiteTreeViewReloadTests.CanReloadWithoutChange" executed="True" result="Success" success="True" time="0.061" asserts="177" />
                          <test-case name="NUnit.UiKit.Tests.TestSuiteTreeViewReloadTests.ReloadTreeWithWrongTest" executed="True" result="Success" success="True" time="0.057" asserts="0" />
                          <test-case name="NUnit.UiKit.Tests.TestSuiteTreeViewReloadTests.VerifyCheckTreeWorks" executed="True" result="Success" success="True" time="0.059" asserts="177" />
                        </results>
                      </test-suite>
                      <test-suite type="TestFixture" name="TestSuiteTreeViewTests" executed="True" result="Success" success="True" time="0.324" asserts="0">
                        <results>
                          <test-case name="NUnit.UiKit.Tests.TestSuiteTreeViewTests.BuildFromResult" executed="True" result="Success" success="True" time="0.068" asserts="15" />
                          <test-case name="NUnit.UiKit.Tests.TestSuiteTreeViewTests.BuildTreeView" executed="True" result="Success" success="True" time="0.061" asserts="5" />
                          <test-case name="NUnit.UiKit.Tests.TestSuiteTreeViewTests.ClearTree" executed="True" result="Success" success="True" time="0.058" asserts="1" />
                          <test-case name="NUnit.UiKit.Tests.TestSuiteTreeViewTests.ProcessChecks" executed="True" result="Success" success="True" time="0.062" asserts="7" />
                          <test-case name="NUnit.UiKit.Tests.TestSuiteTreeViewTests.SetTestResult" executed="True" result="Success" success="True" time="0.063" asserts="3" />
                        </results>
                      </test-suite>
                      <test-suite type="TestFixture" name="TestTreeTests" executed="True" result="Success" success="True" time="0.054" asserts="0">
                        <results>
                          <test-case name="NUnit.UiKit.Tests.TestTreeTests.SameCategoryShouldNotBeSelectedMoreThanOnce" executed="True" result="Success" success="True" time="0.053" asserts="4" />
                        </results>
                      </test-suite>
                      <test-suite type="TestFixture" name="VisualStateTests" executed="True" result="Success" success="True" time="0.480" asserts="0">
                        <results>
                          <test-case name="NUnit.UiKit.Tests.VisualStateTests.SaveAndRestoreVisualState" executed="True" result="Success" success="True" time="0.480" asserts="5" />
                        </results>
                      </test-suite>
                    </results>
                  </test-suite>
                </results>
              </test-suite>
            </results>
          </test-suite>
        </results>
      </test-suite>
      <test-suite type="Assembly" name="D:\Dev\NUnit\nunit-2.5\work\build\net\2.0\release\tests/nunit-gui.tests.dll" executed="True" result="Success" success="True" time="0.356" asserts="0">
        <results>
          <test-suite type="Namespace" name="NUnit" executed="True" result="Success" success="True" time="0.355" asserts="0">
            <results>
              <test-suite type="Namespace" name="Gui" executed="True" result="Success" success="True" time="0.353" asserts="0">
                <results>
                  <test-suite type="Namespace" name="Tests" executed="True" result="Success" success="True" time="0.353" asserts="0">
                    <results>
                      <test-suite type="TestFixture" name="CommandLineTests" executed="True" result="Success" success="True" time="0.046" asserts="0">
                        <results>
                          <test-case name="NUnit.Gui.Tests.CommandLineTests.AssemblyName" executed="True" result="Success" success="True" time="0.016" asserts="1" />
                          <test-case name="NUnit.Gui.Tests.CommandLineTests.Help" executed="True" result="Success" success="True" time="0.000" asserts="1" />
                          <test-case name="NUnit.Gui.Tests.CommandLineTests.HelpTextUsesCorrectDelimiterForPlatform" executed="True" result="Success" success="True" time="0.001" asserts="1" />
                          <test-case name="NUnit.Gui.Tests.CommandLineTests.InvalidArgs" executed="True" result="Success" success="True" time="0.000" asserts="1" />
                          <test-case name="NUnit.Gui.Tests.CommandLineTests.InvalidCommandLineParms" executed="True" result="Success" success="True" time="0.001" asserts="1" />
                          <test-case name="NUnit.Gui.Tests.CommandLineTests.NoNameValuePairs" executed="True" result="Success" success="True" time="0.000" asserts="1" />
                          <test-case name="NUnit.Gui.Tests.CommandLineTests.NoParametersCount" executed="True" result="Success" success="True" time="0.001" asserts="1" />
                          <test-case name="NUnit.Gui.Tests.CommandLineTests.ShortHelp" executed="True" result="Success" success="True" time="0.001" asserts="1" />
                          <test-case name="NUnit.Gui.Tests.CommandLineTests.ValidateSuccessful" executed="True" result="Success" success="True" time="0.000" asserts="1" />
                        </results>
                      </test-suite>
                      <test-suite type="TestFixture" name="ExceptionDetailsFormTests" executed="True" result="Success" success="True" time="0.061" asserts="0">
                        <results>
                          <test-case name="NUnit.Gui.Tests.ExceptionDetailsFormTests.ControlsArePositionedCorrectly" executed="True" result="Success" success="True" time="0.001" asserts="0" />
                          <test-case name="NUnit.Gui.Tests.ExceptionDetailsFormTests.ControlsExist" executed="True" result="Success" success="True" time="0.001" asserts="0" />
                          <test-case name="NUnit.Gui.Tests.ExceptionDetailsFormTests.MessageDisplaysCorrectly" executed="True" result="Success" success="True" time="0.032" asserts="1" />
                        </results>
                      </test-suite>
                      <test-suite type="TestFixture" name="ProjectEditorTests" executed="True" result="Success" success="True" time="0.240" asserts="0">
                        <results>
                          <test-case name="NUnit.Gui.Tests.ProjectEditorTests.CheckControls" executed="True" result="Success" success="True" time="0.151" asserts="0" />
                          <test-case name="NUnit.Gui.Tests.ProjectEditorTests.InitialFieldValues" executed="True" result="Success" success="True" time="0.085" asserts="2" />
                        </results>
                      </test-suite>
                    </results>
                  </test-suite>
                </results>
              </test-suite>
            </results>
          </test-suite>
        </results>
      </test-suite>
      <test-suite type="Assembly" name="D:\Dev\NUnit\nunit-2.5\work\build\net\2.0\release\tests/nunit.fixtures.tests.dll" executed="True" result="Success" success="True" time="0.021" asserts="0">
        <results>
          <test-suite type="Namespace" name="NUnit" executed="True" result="Success" success="True" time="0.021" asserts="0">
            <results>
              <test-suite type="Namespace" name="Fixtures" executed="True" result="Success" success="True" time="0.021" asserts="0">
                <results>
                  <test-suite type="Namespace" name="Tests" executed="True" result="Success" success="True" time="0.020" asserts="0">
                    <results>
                      <test-suite type="TestFixture" name="TestTreeTests" executed="True" result="Success" success="True" time="0.020" asserts="0">
                        <results>
                          <test-case name="NUnit.Fixtures.Tests.TestTreeTests.MatchingTreesAreEqual" executed="True" result="Success" success="True" time="0.001" asserts="3" />
                          <test-case name="NUnit.Fixtures.Tests.TestTreeTests.NonMatchingTreesAreNotEqual" executed="True" result="Success" success="True" time="0.000" asserts="3" />
                        </results>
                      </test-suite>
                    </results>
                  </test-suite>
                </results>
              </test-suite>
            </results>
          </test-suite>
        </results>
      </test-suite>
    </results>
  </test-suite>
</test-results>