<?xml version="1.0" encoding="UTF-8"?>
<testsuite xmlns:xsi="http://www.w3.org/2001/XMLSchema-instance" xsi:noNamespaceSchemaLocation="https://maven.apache.org/surefire/maven-surefire-plugin/xsd/surefire-test-report-3.0.xsd" version="3.0" name="com.google.protobuf.kotlin.ExtendableMessageLiteExtensionsTest" time="0.058" tests="7" errors="0" skipped="0" failures="0">
  <properties>
[...]
</properties>
  <testcase name="getOnMessage" classname="com.google.protobuf.kotlin.ExtendableMessageLiteExtensionsTest" time="0.05"/>
  <testcase name="setOnBuilder" classname="com.google.protobuf.kotlin.ExtendableMessageLiteExtensionsTest" time="0.001"/>
  <testcase name="containsPositiveOnBuilder" classname="com.google.protobuf.kotlin.ExtendableMessageLiteExtensionsTest" time="0"/>
  <testcase name="containsPositiveOnMessage" classname="com.google.protobuf.kotlin.ExtendableMessageLiteExtensionsTest" time="0"/>
  <testcase name="containsNegativeOnBuilder" classname="com.google.protobuf.kotlin.ExtendableMessageLiteExtensionsTest" time="0"/>
  <testcase name="containsNegativeOnMessage" classname="com.google.protobuf.kotlin.ExtendableMessageLiteExtensionsTest" time="0"/>
  <testcase name="getOnBuilder" classname="com.google.protobuf.kotlin.ExtendableMessageLiteExtensionsTest" time="0"/>
</testsuite>